# JRE version: Java(TM) SE Runtime Environment (8.0_77-b03) (build 1.8.0_77-b03)
# Java VM: Java HotSpot(TM) 64-Bit Server VM (25.77-b03 mixed mode windows-amd64 compressed oops)
Heap:
 PSYoungGen      total 218112K, used 77674K [0x00000000e0000000, 0x00000000f2500000, 0x0000000100000000)
  eden space 168960K, 26% used [0x00000000e0000000,0x00000000e2b6be78,0x00000000ea500000)
  from space 49152K, 67% used [0x00000000ea500000,0x00000000ec56ebc0,0x00000000ed500000)
  to   space 51712K, 0% used [0x00000000ef280000,0x00000000ef280000,0x00000000f2500000)
 ParOldGen       total 221184K, used 90742K [0x00000000a0000000, 0x00000000ad800000, 0x00000000e0000000)
  object space 221184K, 41% used [0x00000000a0000000,0x00000000a589dad8,0x00000000ad800000)
 Metaspace       used 101230K, capacity 116950K, committed 133272K, reserved 1163264K
  class space    used 13202K, capacity 17668K, committed 19632K, reserved 1048576K
GC Heap History (10 events):
Event: 47790.224 GC heap before
{Heap before GC invocations=133 (full 6):
 PSYoungGen      total 223744K, used 201670K [0x00000000e0000000, 0x00000000f1380000, 0x0000000100000000)
  eden space 178688K, 100% used [0x00000000e0000000,0x00000000eae80000,0x00000000eae80000)
  from space 45056K, 51% used [0x00000000ee780000,0x00000000efdf1848,0x00000000f1380000)
  to   space 51712K, 0% used [0x00000000eae80000,0x00000000eae80000,0x00000000ee100000)
 ParOldGen       total 221184K, used 87770K [0x00000000a0000000, 0x00000000ad800000, 0x00000000e0000000)
  object space 221184K, 39% used [0x00000000a0000000,0x00000000a55b6b10,0x00000000ad800000)
 Metaspace       used 99666K, capacity 115190K, committed 133272K, reserved 1163264K
  class space    used 13009K, capacity 17380K, committed 19632K, reserved 1048576K
Event: 47790.268 GC heap after
Heap after GC invocations=133 (full 6):
 PSYoungGen      total 195584K, used 21767K [0x00000000e0000000, 0x00000000f0a80000, 0x0000000100000000)
  eden space 173568K, 0% used [0x00000000e0000000,0x00000000e0000000,0x00000000ea980000)
  from space 22016K, 98% used [0x00000000eae80000,0x00000000ec3c1ed8,0x00000000ec400000)
  to   space 49664K, 0% used [0x00000000eda00000,0x00000000eda00000,0x00000000f0a80000)
 ParOldGen       total 221184K, used 88238K [0x00000000a0000000, 0x00000000ad800000, 0x00000000e0000000)
  object space 221184K, 39% used [0x00000000a0000000,0x00000000a562bb70,0x00000000ad800000)
 Metaspace       used 99666K, capacity 115190K, committed 133272K, reserved 1163264K
  class space    used 13009K, capacity 17380K, committed 19632K, reserved 1048576K
}
Event: 47791.928 GC heap before
{Heap before GC invocations=134 (full 6):
 PSYoungGen      total 195584K, used 195306K [0x00000000e0000000, 0x00000000f0a80000, 0x0000000100000000)
  eden space 173568K, 99% used [0x00000000e0000000,0x00000000ea978b98,0x00000000ea980000)
  from space 22016K, 98% used [0x00000000eae80000,0x00000000ec3c1ed8,0x00000000ec400000)
  to   space 49664K, 0% used [0x00000000eda00000,0x00000000eda00000,0x00000000f0a80000)
 ParOldGen       total 221184K, used 88238K [0x00000000a0000000, 0x00000000ad800000, 0x00000000e0000000)
  object space 221184K, 39% used [0x00000000a0000000,0x00000000a562bb70,0x00000000ad800000)
 Metaspace       used 99675K, capacity 115190K, committed 133272K, reserved 1163264K
  class space    used 13009K, capacity 17380K, committed 19632K, reserved 1048576K
Event: 47791.968 GC heap after
Heap after GC invocations=134 (full 6):
 PSYoungGen      total 223744K, used 5718K [0x00000000e0000000, 0x00000000f2200000, 0x0000000100000000)
  eden space 174080K, 0% used [0x00000000e0000000,0x00000000e0000000,0x00000000eaa00000)
  from space 49664K, 11% used [0x00000000eda00000,0x00000000edf95ae8,0x00000000f0a80000)
  to   space 49152K, 0% used [0x00000000eaa00000,0x00000000eaa00000,0x00000000eda00000)
 ParOldGen       total 221184K, used 88771K [0x00000000a0000000, 0x00000000ad800000, 0x00000000e0000000)
  object space 221184K, 40% used [0x00000000a0000000,0x00000000a56b0c28,0x00000000ad800000)
 Metaspace       used 99675K, capacity 115190K, committed 133272K, reserved 1163264K
  class space    used 13009K, capacity 17380K, committed 19632K, reserved 1048576K
}
Event: 48221.074 GC heap before
{Heap before GC invocations=135 (full 6):
 PSYoungGen      total 223744K, used 179798K [0x00000000e0000000, 0x00000000f2200000, 0x0000000100000000)
  eden space 174080K, 100% used [0x00000000e0000000,0x00000000eaa00000,0x00000000eaa00000)
  from space 49664K, 11% used [0x00000000eda00000,0x00000000edf95ae8,0x00000000f0a80000)
  to   space 49152K, 0% used [0x00000000eaa00000,0x00000000eaa00000,0x00000000eda00000)
 ParOldGen       total 221184K, used 88771K [0x00000000a0000000, 0x00000000ad800000, 0x00000000e0000000)
  object space 221184K, 40% used [0x00000000a0000000,0x00000000a56b0c28,0x00000000ad800000)
 Metaspace       used 100446K, capacity 116070K, committed 133272K, reserved 1163264K
  class space    used 13105K, capacity 17524K, committed 19632K, reserved 1048576K
Event: 48221.146 GC heap after
Heap after GC invocations=135 (full 6):
 PSYoungGen      total 223232K, used 26998K [0x00000000e0000000, 0x00000000f2080000, 0x0000000100000000)
  eden space 174080K, 0% used [0x00000000e0000000,0x00000000e0000000,0x00000000eaa00000)
  from space 49152K, 54% used [0x00000000eaa00000,0x00000000ec45dbb0,0x00000000eda00000)
  to   space 49152K, 0% used [0x00000000ef080000,0x00000000ef080000,0x00000000f2080000)
 ParOldGen       total 221184K, used 89327K [0x00000000a0000000, 0x00000000ad800000, 0x00000000e0000000)
  object space 221184K, 40% used [0x00000000a0000000,0x00000000a573bc68,0x00000000ad800000)
 Metaspace       used 100446K, capacity 116070K, committed 133272K, reserved 1163264K
  class space    used 13105K, capacity 17524K, committed 19632K, reserved 1048576K
}
Event: 48387.387 GC heap before
{Heap before GC invocations=136 (full 6):
 PSYoungGen      total 223232K, used 201078K [0x00000000e0000000, 0x00000000f2080000, 0x0000000100000000)
  eden space 174080K, 100% used [0x00000000e0000000,0x00000000eaa00000,0x00000000eaa00000)
  from space 49152K, 54% used [0x00000000eaa00000,0x00000000ec45dbb0,0x00000000eda00000)
  to   space 49152K, 0% used [0x00000000ef080000,0x00000000ef080000,0x00000000f2080000)
 ParOldGen       total 221184K, used 89327K [0x00000000a0000000, 0x00000000ad800000, 0x00000000e0000000)
  object space 221184K, 40% used [0x00000000a0000000,0x00000000a573bc68,0x00000000ad800000)
 Metaspace       used 100494K, capacity 116190K, committed 133272K, reserved 1163264K
  class space    used 13117K, capacity 17564K, committed 19632K, reserved 1048576K
Event: 48387.452 GC heap after
Heap after GC invocations=136 (full 6):
 PSYoungGen      total 189952K, used 1955K [0x00000000e0000000, 0x00000000f0500000, 0x0000000100000000)
  eden space 168960K, 0% used [0x00000000e0000000,0x00000000e0000000,0x00000000ea500000)
  from space 20992K, 9% used [0x00000000ef080000,0x00000000ef268da0,0x00000000f0500000)
  to   space 49152K, 0% used [0x00000000ea500000,0x00000000ea500000,0x00000000ed500000)
 ParOldGen       total 221184K, used 89755K [0x00000000a0000000, 0x00000000ad800000, 0x00000000e0000000)
  object space 221184K, 40% used [0x00000000a0000000,0x00000000a57a6cd0,0x00000000ad800000)
 Metaspace       used 100494K, capacity 116190K, committed 133272K, reserved 1163264K
  class space    used 13117K, capacity 17564K, committed 19632K, reserved 1048576K
}
Event: 48411.243 GC heap before
{Heap before GC invocations=137 (full 6):
 PSYoungGen      total 189952K, used 170915K [0x00000000e0000000, 0x00000000f0500000, 0x0000000100000000)
  eden space 168960K, 100% used [0x00000000e0000000,0x00000000ea500000,0x00000000ea500000)
  from space 20992K, 9% used [0x00000000ef080000,0x00000000ef268da0,0x00000000f0500000)
  to   space 49152K, 0% used [0x00000000ea500000,0x00000000ea500000,0x00000000ed500000)
 ParOldGen       total 221184K, used 89755K [0x00000000a0000000, 0x00000000ad800000, 0x00000000e0000000)
  object space 221184K, 40% used [0x00000000a0000000,0x00000000a57a6cd0,0x00000000ad800000)
 Metaspace       used 101229K, capacity 116950K, committed 133272K, reserved 1163264K
  class space    used 13202K, capacity 17668K, committed 19632K, reserved 1048576K
Event: 48412.468 GC heap after
Heap after GC invocations=137 (full 6):
 PSYoungGen      total 218112K, used 33210K [0x00000000e0000000, 0x00000000f2500000, 0x0000000100000000)
  eden space 168960K, 0% used [0x00000000e0000000,0x00000000e0000000,0x00000000ea500000)
  from space 49152K, 67% used [0x00000000ea500000,0x00000000ec56ebc0,0x00000000ed500000)
  to   space 51712K, 0% used [0x00000000ef280000,0x00000000ef280000,0x00000000f2500000)
 ParOldGen       total 221184K, used 90742K [0x00000000a0000000, 0x00000000ad800000, 0x00000000e0000000)
  object space 221184K, 41% used [0x00000000a0000000,0x00000000a589dad8,0x00000000ad800000)
 Metaspace       used 101229K, capacity 116950K, committed 133272K, reserved 1163264K
  class space    used 13202K, capacity 17668K, committed 19632K, reserved 1048576K
}

